build/intermediates/manifest_merge_blame_file/debug/manifest-merger-blame-debug-report.txt
1<?xml version="1.0" encoding="utf-8"?>
2<!--
3  ~ Copyright (c) 2015-present, Parse, LLC.
4  ~ All rights reserved.
5  ~
6  ~ This source code is licensed under the BSD-style license found in the
7  ~ LICENSE file in the root directory of this source tree. An additional grant
8  ~ of patent rights can be found in the PATENTS file in the same directory.
9-->
10<manifest xmlns:android="http://schemas.android.com/apk/res/android"
11    package="com.parse.starter"
12    android:versionCode="1"
13    android:versionName="1.0" >
14
15    <uses-sdk
16        android:minSdkVersion="26"
16-->src\main\AndroidManifest.xml
17        android:targetSdkVersion="26" />
17-->src\main\AndroidManifest.xml
18
19    <uses-permission android:name="android.permission.INTERNET" />
19-->src\main\AndroidManifest.xml:12:5-67
19-->src\main\AndroidManifest.xml:12:22-64
20    <uses-permission android:name="android.permission.ACCESS_NETWORK_STATE" />
20-->src\main\AndroidManifest.xml:13:5-79
20-->src\main\AndroidManifest.xml:13:22-76
21    <uses-permission android:name="android.permission.READ_EXTERNAL_STORAGE" />
21-->src\main\AndroidManifest.xml:14:5-80
21-->src\main\AndroidManifest.xml:14:22-77
22    <uses-permission android:name="android.permission.ACCESS_FINE_LOCATION" />
22-->src\main\AndroidManifest.xml:16:5-79
22-->src\main\AndroidManifest.xml:16:22-76
23
24    <!-- Optional permission for Analytics to run. -->
25    <uses-permission android:name="android.permission.WAKE_LOCK" /> <!-- Permissions required for GCM -->
25-->[com.google.android.gms:play-services-analytics:9.4.0] AndroidManifest.xml:25:5-67
25-->[com.google.android.gms:play-services-analytics:9.4.0] AndroidManifest.xml:25:22-65
26    <uses-permission android:name="com.google.android.c2dm.permission.RECEIVE" />
26-->[com.google.android.gms:play-services-gcm:9.4.0] AndroidManifest.xml:21:5-82
26-->[com.google.android.gms:play-services-gcm:9.4.0] AndroidManifest.xml:21:22-79
27
28    <uses-feature
28-->[com.google.android.gms:play-services-maps:9.4.0] AndroidManifest.xml:22:5-24:33
29        android:glEsVersion="0x00020000"
29-->[com.google.android.gms:play-services-maps:9.4.0] AndroidManifest.xml:23:8-40
30        android:required="true" />
30-->[com.google.android.gms:play-services-maps:9.4.0] AndroidManifest.xml:24:8-31
31
32    <permission
32-->[com.google.firebase:firebase-iid:9.4.0] AndroidManifest.xml:25:5-26:47
33        android:name="com.parse.starter.permission.C2D_MESSAGE"
33-->[com.google.firebase:firebase-iid:9.4.0] AndroidManifest.xml:25:17-71
34        android:protectionLevel="signature" />
34-->[com.google.firebase:firebase-iid:9.4.0] AndroidManifest.xml:26:9-44
35
36    <uses-permission android:name="com.parse.starter.permission.C2D_MESSAGE" />
36-->[com.google.firebase:firebase-iid:9.4.0] AndroidManifest.xml:28:5-79
36-->[com.google.firebase:firebase-iid:9.4.0] AndroidManifest.xml:28:22-76
37
38    <application
38-->src\main\AndroidManifest.xml:18:5-36:19
39        android:name="com.parse.starter.StarterApplication"
39-->src\main\AndroidManifest.xml:19:9-43
40        android:allowBackup="true"
40-->src\main\AndroidManifest.xml:20:9-35
41        android:debuggable="true"
42        android:icon="@mipmap/ic_launcher"
42-->src\main\AndroidManifest.xml:21:9-43
43        android:label="@string/app_name"
43-->src\main\AndroidManifest.xml:22:9-41
44        android:testOnly="true"
45        android:theme="@style/AppTheme" >
45-->src\main\AndroidManifest.xml:23:9-40
46        <activity
46-->src\main\AndroidManifest.xml:25:9-33:20
47            android:name="com.parse.starter.MainActivity"
47-->src\main\AndroidManifest.xml:26:13-41
48            android:label="@string/app_name" >
48-->src\main\AndroidManifest.xml:27:13-45
49            <intent-filter>
49-->src\main\AndroidManifest.xml:28:13-32:29
50                <action android:name="android.intent.action.MAIN" />
50-->src\main\AndroidManifest.xml:29:17-69
50-->src\main\AndroidManifest.xml:29:25-66
51
52                <category android:name="android.intent.category.LAUNCHER" />
52-->src\main\AndroidManifest.xml:31:17-77
52-->src\main\AndroidManifest.xml:31:27-74
53            </intent-filter>
54        </activity>
55
56        <receiver android:name="com.google.android.gms.cast.framework.media.MediaIntentReceiver" />
56-->[com.google.android.gms:play-services-cast-framework:9.4.0] AndroidManifest.xml:6:9-100
56-->[com.google.android.gms:play-services-cast-framework:9.4.0] AndroidManifest.xml:6:19-97
57
58        <service android:name="com.google.android.gms.cast.framework.media.MediaNotificationService" />
58-->[com.google.android.gms:play-services-cast-framework:9.4.0] AndroidManifest.xml:7:9-104
58-->[com.google.android.gms:play-services-cast-framework:9.4.0] AndroidManifest.xml:7:18-101
59        <service android:name="com.google.android.gms.cast.framework.ReconnectionService" />
59-->[com.google.android.gms:play-services-cast-framework:9.4.0] AndroidManifest.xml:8:9-92
59-->[com.google.android.gms:play-services-cast-framework:9.4.0] AndroidManifest.xml:8:18-90
60
61        <meta-data
61-->[com.android.support:appcompat-v7:26.1.0] AndroidManifest.xml:26:9-28:38
62            android:name="android.support.VERSION"
62-->[com.android.support:appcompat-v7:26.1.0] AndroidManifest.xml:27:13-51
63            android:value="26.1.0" /> <!-- Include the AdActivity and InAppPurchaseActivity configChanges and themes. -->
63-->[com.android.support:appcompat-v7:26.1.0] AndroidManifest.xml:28:13-35
64        <activity
64-->[com.google.android.gms:play-services-ads-lite:9.4.0] AndroidManifest.xml:26:9-29:64
65            android:name="com.google.android.gms.ads.AdActivity"
65-->[com.google.android.gms:play-services-ads-lite:9.4.0] AndroidManifest.xml:27:13-65
66            android:configChanges="keyboard|keyboardHidden|orientation|screenLayout|uiMode|screenSize|smallestScreenSize"
66-->[com.google.android.gms:play-services-ads-lite:9.4.0] AndroidManifest.xml:28:13-122
67            android:theme="@android:style/Theme.Translucent" />
67-->[com.google.android.gms:play-services-ads-lite:9.4.0] AndroidManifest.xml:29:13-61
68        <activity
68-->[com.google.android.gms:play-services-ads-lite:9.4.0] AndroidManifest.xml:30:9-31:52
69            android:name="com.google.android.gms.ads.purchase.InAppPurchaseActivity"
69-->[com.google.android.gms:play-services-ads-lite:9.4.0] AndroidManifest.xml:30:19-91
70            android:theme="@style/Theme.IAPTheme" />
70-->[com.google.android.gms:play-services-ads-lite:9.4.0] AndroidManifest.xml:31:13-50
71        <activity
71-->[com.google.android.gms:play-services-appinvite:9.4.0] AndroidManifest.xml:21:9-29:20
72            android:name="com.google.android.gms.appinvite.PreviewActivity"
72-->[com.google.android.gms:play-services-appinvite:9.4.0] AndroidManifest.xml:22:17-48
73            android:exported="true"
73-->[com.google.android.gms:play-services-appinvite:9.4.0] AndroidManifest.xml:23:17-40
74            android:theme="@style/Theme.AppInvite.Preview" >
74-->[com.google.android.gms:play-services-appinvite:9.4.0] AndroidManifest.xml:24:17-63
75            <intent-filter>
75-->[com.google.android.gms:play-services-appinvite:9.4.0] AndroidManifest.xml:25:13-28:29
76                <action android:name="com.google.android.gms.appinvite.ACTION_PREVIEW" />
76-->[com.google.android.gms:play-services-appinvite:9.4.0] AndroidManifest.xml:26:17-89
76-->[com.google.android.gms:play-services-appinvite:9.4.0] AndroidManifest.xml:26:25-87
77
78                <category android:name="android.intent.category.DEFAULT" />
78-->[com.google.android.gms:play-services-appinvite:9.4.0] AndroidManifest.xml:27:17-75
78-->[com.google.android.gms:play-services-appinvite:9.4.0] AndroidManifest.xml:27:27-73
79            </intent-filter>
80        </activity>
81        <activity
81-->[com.google.android.gms:play-services-auth:9.4.0] AndroidManifest.xml:21:9-24:46
82            android:name="com.google.android.gms.auth.api.signin.internal.SignInHubActivity"
82-->[com.google.android.gms:play-services-auth:9.4.0] AndroidManifest.xml:21:19-68
83            android:excludeFromRecents="true"
83-->[com.google.android.gms:play-services-auth:9.4.0] AndroidManifest.xml:23:19-52
84            android:exported="false"
84-->[com.google.android.gms:play-services-auth:9.4.0] AndroidManifest.xml:24:19-43
85            android:theme="@android:style/Theme.Translucent.NoTitleBar" />
85-->[com.google.android.gms:play-services-auth:9.4.0] AndroidManifest.xml:22:19-78
86        <!--
87Service handling Google Sign-In user revocation. For apps that do not integrate with
88            Google Sign-In, this service will never be started.
89        -->
90        <service
90-->[com.google.android.gms:play-services-auth:9.4.0] AndroidManifest.xml:28:9-31:110
91            android:name="com.google.android.gms.auth.api.signin.RevocationBoundService"
91-->[com.google.android.gms:play-services-auth:9.4.0] AndroidManifest.xml:29:13-58
92            android:exported="true"
92-->[com.google.android.gms:play-services-auth:9.4.0] AndroidManifest.xml:30:13-36
93            android:permission="com.google.android.gms.auth.api.signin.permission.REVOCATION_NOTIFICATION" />
93-->[com.google.android.gms:play-services-auth:9.4.0] AndroidManifest.xml:31:13-107
94        <service
94-->[com.google.firebase:firebase-crash:9.4.0] AndroidManifest.xml:26:9-27:50
95            android:name="com.google.firebase.crash.internal.service.FirebaseCrashReceiverService"
95-->[com.google.firebase:firebase-crash:9.4.0] AndroidManifest.xml:26:18-79
96            android:process=":background_crash" />
96-->[com.google.firebase:firebase-crash:9.4.0] AndroidManifest.xml:27:13-48
97        <service
97-->[com.google.firebase:firebase-crash:9.4.0] AndroidManifest.xml:29:9-30:50
98            android:name="com.google.firebase.crash.internal.service.FirebaseCrashSenderService"
98-->[com.google.firebase:firebase-crash:9.4.0] AndroidManifest.xml:29:18-77
99            android:process=":background_crash" />
99-->[com.google.firebase:firebase-crash:9.4.0] AndroidManifest.xml:30:13-48
100
101        <activity
101-->[com.google.android.gms:play-services-base:9.4.0] AndroidManifest.xml:20:9-22:45
102            android:name="com.google.android.gms.common.api.GoogleApiActivity"
102-->[com.google.android.gms:play-services-base:9.4.0] AndroidManifest.xml:20:19-85
103            android:exported="false"
103-->[com.google.android.gms:play-services-base:9.4.0] AndroidManifest.xml:22:19-43
104            android:theme="@android:style/Theme.Translucent.NoTitleBar" />
104-->[com.google.android.gms:play-services-base:9.4.0] AndroidManifest.xml:21:19-78
105        <!--
106 FirebaseMessagingService performs security checks at runtime,
107             no need for explicit permissions despite exported="true"
108        -->
109        <service
109-->[com.google.firebase:firebase-messaging:9.4.0] AndroidManifest.xml:24:9-30:19
110            android:name="com.google.firebase.messaging.FirebaseMessagingService"
110-->[com.google.firebase:firebase-messaging:9.4.0] AndroidManifest.xml:25:13-82
111            android:exported="true" >
111-->[com.google.firebase:firebase-messaging:9.4.0] AndroidManifest.xml:26:13-36
112            <intent-filter android:priority="-500" >
112-->[com.google.firebase:firebase-messaging:9.4.0] AndroidManifest.xml:27:13-29:29
112-->[com.google.firebase:firebase-messaging:9.4.0] AndroidManifest.xml:27:28-51
113                <action android:name="com.google.firebase.MESSAGING_EVENT" />
113-->[com.google.firebase:firebase-messaging:9.4.0] AndroidManifest.xml:28:17-78
113-->[com.google.firebase:firebase-messaging:9.4.0] AndroidManifest.xml:28:25-75
114            </intent-filter>
115        </service>
116        <service
116-->[com.google.android.gms:play-services-tagmanager-api:9.4.0] AndroidManifest.xml:25:9-27:42
117            android:name="com.google.android.gms.tagmanager.TagManagerService"
117-->[com.google.android.gms:play-services-tagmanager-api:9.4.0] AndroidManifest.xml:25:18-84
118            android:enabled="true"
118-->[com.google.android.gms:play-services-tagmanager-api:9.4.0] AndroidManifest.xml:27:17-39
119            android:exported="false" />
119-->[com.google.android.gms:play-services-tagmanager-api:9.4.0] AndroidManifest.xml:26:17-41
120
121        <activity
121-->[com.google.android.gms:play-services-tagmanager-api:9.4.0] AndroidManifest.xml:28:9-37:20
122            android:name="com.google.android.gms.tagmanager.TagManagerPreviewActivity"
122-->[com.google.android.gms:play-services-tagmanager-api:9.4.0] AndroidManifest.xml:29:13-87
123            android:noHistory="true" > <!-- optional, removes the previewActivity from the activity stack. -->
123-->[com.google.android.gms:play-services-tagmanager-api:9.4.0] AndroidManifest.xml:30:13-37
124            <intent-filter>
124-->[com.google.android.gms:play-services-tagmanager-api:9.4.0] AndroidManifest.xml:31:13-36:29
125                <data android:scheme="tagmanager.c.com.parse.starter" />
125-->[com.google.android.gms:play-services-tagmanager-api:9.4.0] AndroidManifest.xml:32:17-72
125-->[com.google.android.gms:play-services-tagmanager-api:9.4.0] AndroidManifest.xml:32:23-69
126
127                <action android:name="android.intent.action.VIEW" />
127-->[com.google.android.gms:play-services-tagmanager-api:9.4.0] AndroidManifest.xml:33:17-69
127-->[com.google.android.gms:play-services-tagmanager-api:9.4.0] AndroidManifest.xml:33:25-66
128
129                <category android:name="android.intent.category.DEFAULT" />
129-->[com.google.android.gms:play-services-appinvite:9.4.0] AndroidManifest.xml:27:17-75
129-->[com.google.android.gms:play-services-appinvite:9.4.0] AndroidManifest.xml:27:27-73
130                <category android:name="android.intent.category.BROWSABLE" />
130-->[com.google.android.gms:play-services-tagmanager-api:9.4.0] AndroidManifest.xml:35:17-77
130-->[com.google.android.gms:play-services-tagmanager-api:9.4.0] AndroidManifest.xml:35:27-75
131            </intent-filter>
132        </activity>
133
134        <receiver
134-->[com.google.firebase:firebase-analytics:9.4.0] AndroidManifest.xml:28:7-34:18
135            android:name="com.google.android.gms.measurement.AppMeasurementReceiver"
135-->[com.google.firebase:firebase-analytics:9.4.0] AndroidManifest.xml:29:11-83
136            android:enabled="true" >
136-->[com.google.firebase:firebase-analytics:9.4.0] AndroidManifest.xml:30:11-33
137            <intent-filter>
137-->[com.google.firebase:firebase-analytics:9.4.0] AndroidManifest.xml:31:9-33:25
138                <action android:name="com.google.android.gms.measurement.UPLOAD" />
138-->[com.google.firebase:firebase-analytics:9.4.0] AndroidManifest.xml:32:11-77
138-->[com.google.firebase:firebase-analytics:9.4.0] AndroidManifest.xml:32:19-75
139            </intent-filter>
140        </receiver>
141
142        <service
142-->[com.google.firebase:firebase-analytics:9.4.0] AndroidManifest.xml:36:7-39:37
143            android:name="com.google.android.gms.measurement.AppMeasurementService"
143-->[com.google.firebase:firebase-analytics:9.4.0] AndroidManifest.xml:37:11-82
144            android:enabled="true"
144-->[com.google.firebase:firebase-analytics:9.4.0] AndroidManifest.xml:38:11-33
145            android:exported="false" />
145-->[com.google.firebase:firebase-analytics:9.4.0] AndroidManifest.xml:39:11-35
146
147        <receiver
147-->[com.google.firebase:firebase-iid:9.4.0] AndroidManifest.xml:32:9-41:20
148            android:name="com.google.firebase.iid.FirebaseInstanceIdReceiver"
148-->[com.google.firebase:firebase-iid:9.4.0] AndroidManifest.xml:33:13-78
149            android:exported="true"
149-->[com.google.firebase:firebase-iid:9.4.0] AndroidManifest.xml:34:13-36
150            android:permission="com.google.android.c2dm.permission.SEND" >
150-->[com.google.firebase:firebase-iid:9.4.0] AndroidManifest.xml:35:13-73
151            <intent-filter>
151-->[com.google.firebase:firebase-iid:9.4.0] AndroidManifest.xml:36:13-40:29
152                <action android:name="com.google.android.c2dm.intent.RECEIVE" />
152-->[com.google.firebase:firebase-iid:9.4.0] AndroidManifest.xml:37:17-81
152-->[com.google.firebase:firebase-iid:9.4.0] AndroidManifest.xml:37:25-78
153                <action android:name="com.google.android.c2dm.intent.REGISTRATION" />
153-->[com.google.firebase:firebase-iid:9.4.0] AndroidManifest.xml:38:17-86
153-->[com.google.firebase:firebase-iid:9.4.0] AndroidManifest.xml:38:25-83
154
155                <category android:name="com.parse.starter" />
155-->[com.google.firebase:firebase-iid:9.4.0] AndroidManifest.xml:39:17-61
155-->[com.google.firebase:firebase-iid:9.4.0] AndroidManifest.xml:39:27-58
156            </intent-filter>
157        </receiver>
158        <!--
159 Internal (not exported) receiver used by the app to start its own exported services
160             without risk of being spoofed.
161        -->
162        <receiver
162-->[com.google.firebase:firebase-iid:9.4.0] AndroidManifest.xml:45:9-47:40
163            android:name="com.google.firebase.iid.FirebaseInstanceIdInternalReceiver"
163-->[com.google.firebase:firebase-iid:9.4.0] AndroidManifest.xml:46:13-86
164            android:exported="false" />
164-->[com.google.firebase:firebase-iid:9.4.0] AndroidManifest.xml:47:13-37
165        <!--
166 FirebaseInstanceIdService performs security checks at runtime,
167             no need for explicit permissions despite exported="true"
168        -->
169        <service
169-->[com.google.firebase:firebase-iid:9.4.0] AndroidManifest.xml:51:9-57:19
170            android:name="com.google.firebase.iid.FirebaseInstanceIdService"
170-->[com.google.firebase:firebase-iid:9.4.0] AndroidManifest.xml:52:13-77
171            android:exported="true" >
171-->[com.google.firebase:firebase-iid:9.4.0] AndroidManifest.xml:53:13-36
172            <intent-filter android:priority="-500" >
172-->[com.google.firebase:firebase-iid:9.4.0] AndroidManifest.xml:54:13-56:29
172-->[com.google.firebase:firebase-iid:9.4.0] AndroidManifest.xml:54:28-51
173                <action android:name="com.google.firebase.INSTANCE_ID_EVENT" />
173-->[com.google.firebase:firebase-iid:9.4.0] AndroidManifest.xml:55:17-80
173-->[com.google.firebase:firebase-iid:9.4.0] AndroidManifest.xml:55:25-77
174            </intent-filter>
175        </service>
176
177        <provider
177-->[com.google.firebase:firebase-common:9.4.0] AndroidManifest.xml:7:9-11:39
178            android:name="com.google.firebase.provider.FirebaseInitProvider"
178-->[com.google.firebase:firebase-common:9.4.0] AndroidManifest.xml:9:13-58
179            android:authorities="com.parse.starter.firebaseinitprovider"
179-->[com.google.firebase:firebase-common:9.4.0] AndroidManifest.xml:8:13-72
180            android:exported="false"
180-->[com.google.firebase:firebase-common:9.4.0] AndroidManifest.xml:10:13-37
181            android:initOrder="100" />
181-->[com.google.firebase:firebase-common:9.4.0] AndroidManifest.xml:11:13-36
182
183        <meta-data
183-->[com.google.android.gms:play-services-basement:9.4.0] AndroidManifest.xml:21:9-23:69
184            android:name="com.google.android.gms.version"
184-->[com.google.android.gms:play-services-basement:9.4.0] AndroidManifest.xml:22:13-58
185            android:value="@integer/google_play_services_version" />
185-->[com.google.android.gms:play-services-basement:9.4.0] AndroidManifest.xml:23:13-66
186        <meta-data
186-->[android.arch.lifecycle:runtime:1.0.0] AndroidManifest.xml:25:9-27:47
187            android:name="android.arch.lifecycle.VERSION"
187-->[android.arch.lifecycle:runtime:1.0.0] AndroidManifest.xml:26:13-58
188            android:value="27.0.0-SNAPSHOT" />
188-->[android.arch.lifecycle:runtime:1.0.0] AndroidManifest.xml:27:13-44
189    </application>
190
191</manifest>